c:\users\cktang\desktop\aniskels12-compressed\aniskels12\release\vc120.pdb
c:\users\cktang\desktop\aniskels12-compressed\aniskels12\release\rulerwindow.obj
c:\users\cktang\desktop\aniskels12-compressed\aniskels12\release\rect.obj
c:\users\cktang\desktop\aniskels12-compressed\aniskels12\release\indicatorwindow.obj
c:\users\cktang\desktop\aniskels12-compressed\aniskels12\release\graphwidget.obj
c:\users\cktang\desktop\aniskels12-compressed\aniskels12\release\pointobj.obj
c:\users\cktang\desktop\aniskels12-compressed\aniskels12\release\point.obj
c:\users\cktang\desktop\aniskels12-compressed\aniskels12\release\particlesystem.obj
c:\users\cktang\desktop\aniskels12-compressed\aniskels12\release\particle.obj
c:\users\cktang\desktop\aniskels12-compressed\aniskels12\release\bitmap.obj
c:\users\cktang\desktop\aniskels12-compressed\aniskels12\release\robotarm.obj
c:\users\cktang\desktop\aniskels12-compressed\aniskels12\release\modelerview.obj
c:\users\cktang\desktop\aniskels12-compressed\aniskels12\release\modeleruiwindows.obj
c:\users\cktang\desktop\aniskels12-compressed\aniskels12\release\modelerui.obj
c:\users\cktang\desktop\aniskels12-compressed\aniskels12\release\modelerdraw.obj
c:\users\cktang\desktop\aniskels12-compressed\aniskels12\release\modelerapp.obj
c:\users\cktang\desktop\aniskels12-compressed\aniskels12\release\camera.obj
c:\users\cktang\desktop\aniskels12-compressed\aniskels12\release\linearcurveevaluator.obj
c:\users\cktang\desktop\aniskels12-compressed\aniskels12\release\curveevaluator.obj
c:\users\cktang\desktop\aniskels12-compressed\aniskels12\release\curve.obj
c:\users\cktang\desktop\aniskels12-compressed\aniskels12\release\modeler.ilk
c:\users\cktang\desktop\aniskels12-compressed\aniskels12\release\modeler.exe
c:\users\cktang\desktop\aniskels12-compressed\aniskels12\release\animator.pdb
c:\users\cktang\desktop\aniskels12-compressed\aniskels12\.\release\modeler.exe
c:\users\cktang\desktop\aniskels12-compressed\aniskels12\release\modeler.tlog\cl.command.1.tlog
c:\users\cktang\desktop\aniskels12-compressed\aniskels12\release\modeler.tlog\cl.read.1.tlog
c:\users\cktang\desktop\aniskels12-compressed\aniskels12\release\modeler.tlog\cl.write.1.tlog
c:\users\cktang\desktop\aniskels12-compressed\aniskels12\release\modeler.tlog\link.command.1.tlog
c:\users\cktang\desktop\aniskels12-compressed\aniskels12\release\modeler.tlog\link.read.1.tlog
c:\users\cktang\desktop\aniskels12-compressed\aniskels12\release\modeler.tlog\link.write.1.tlog
